{"C:\\Users\\disrct\\Desktop\\Aula CI-CD\\src\\commom\\calc.js": {"path":"C:\\Users\\disrct\\Desktop\\Aula CI-CD\\src\\commom\\calc.js","statementMap":{"0":{"start":{"line":2,"column":4},"end":{"line":2,"column":17}},"1":{"start":{"line":6,"column":4},"end":{"line":6,"column":17}},"2":{"start":{"line":10,"column":4},"end":{"line":10,"column":17}},"3":{"start":{"line":14,"column":4},"end":{"line":14,"column":17}},"4":{"start":{"line":18,"column":4},"end":{"line":22,"column":5}},"5":{"start":{"line":18,"column":16},"end":{"line":18,"column":17}},"6":{"start":{"line":19,"column":8},"end":{"line":21,"column":9}},"7":{"start":{"line":20,"column":12},"end":{"line":20,"column":25}},"8":{"start":{"line":23,"column":4},"end":{"line":23,"column":16}},"9":{"start":{"line":26,"column":0},"end":{"line":26,"column":49}}},"fnMap":{"0":{"name":"Soma","decl":{"start":{"line":1,"column":9},"end":{"line":1,"column":13}},"loc":{"start":{"line":1,"column":18},"end":{"line":3,"column":1}},"line":1},"1":{"name":"Sub","decl":{"start":{"line":5,"column":9},"end":{"line":5,"column":12}},"loc":{"start":{"line":5,"column":17},"end":{"line":7,"column":1}},"line":5},"2":{"name":"Mult","decl":{"start":{"line":9,"column":9},"end":{"line":9,"column":13}},"loc":{"start":{"line":9,"column":18},"end":{"line":11,"column":1}},"line":9},"3":{"name":"Div","decl":{"start":{"line":13,"column":9},"end":{"line":13,"column":12}},"loc":{"start":{"line":13,"column":17},"end":{"line":15,"column":1}},"line":13},"4":{"name":"IsPrimo","decl":{"start":{"line":17,"column":9},"end":{"line":17,"column":16}},"loc":{"start":{"line":17,"column":21},"end":{"line":24,"column":1}},"line":17}},"branchMap":{"0":{"loc":{"start":{"line":19,"column":8},"end":{"line":21,"column":9}},"type":"if","locations":[{"start":{"line":19,"column":8},"end":{"line":21,"column":9}},{"start":{},"end":{}}],"line":19}},"s":{"0":1,"1":1,"2":2,"3":1,"4":2,"5":2,"6":4,"7":1,"8":1,"9":1},"f":{"0":1,"1":1,"2":2,"3":1,"4":2},"b":{"0":[1,3]},"_coverageSchema":"1a1c01bbd47fc00a2c39e90264f33305004495a9","hash":"a1998179b29b09edd8aa139b0d6eb74002aa2bbe"}
,"C:\\Users\\disrct\\Desktop\\Aula CI-CD\\src\\commom\\cpf.js": {"path":"C:\\Users\\disrct\\Desktop\\Aula CI-CD\\src\\commom\\cpf.js","statementMap":{"0":{"start":{"line":4,"column":4},"end":{"line":6,"column":5}},"1":{"start":{"line":5,"column":8},"end":{"line":5,"column":21}},"2":{"start":{"line":7,"column":4},"end":{"line":7,"column":16}},"3":{"start":{"line":13,"column":4},"end":{"line":15,"column":5}},"4":{"start":{"line":14,"column":8},"end":{"line":14,"column":21}},"5":{"start":{"line":17,"column":15},"end":{"line":17,"column":16}},"6":{"start":{"line":19,"column":4},"end":{"line":21,"column":5}},"7":{"start":{"line":19,"column":16},"end":{"line":19,"column":17}},"8":{"start":{"line":20,"column":8},"end":{"line":20,"column":34}},"9":{"start":{"line":23,"column":16},"end":{"line":23,"column":25}},"10":{"start":{"line":25,"column":22},"end":{"line":25,"column":48}},"11":{"start":{"line":27,"column":4},"end":{"line":29,"column":5}},"12":{"start":{"line":28,"column":8},"end":{"line":28,"column":21}},"13":{"start":{"line":31,"column":4},"end":{"line":31,"column":13}},"14":{"start":{"line":33,"column":4},"end":{"line":35,"column":5}},"15":{"start":{"line":33,"column":16},"end":{"line":33,"column":17}},"16":{"start":{"line":34,"column":8},"end":{"line":34,"column":34}},"17":{"start":{"line":37,"column":4},"end":{"line":37,"column":22}},"18":{"start":{"line":38,"column":4},"end":{"line":38,"column":45}},"19":{"start":{"line":40,"column":4},"end":{"line":42,"column":5}},"20":{"start":{"line":41,"column":8},"end":{"line":41,"column":21}},"21":{"start":{"line":44,"column":4},"end":{"line":44,"column":16}},"22":{"start":{"line":47,"column":0},"end":{"line":47,"column":39}}},"fnMap":{"0":{"name":"SomenteNum","decl":{"start":{"line":3,"column":9},"end":{"line":3,"column":19}},"loc":{"start":{"line":3,"column":25},"end":{"line":8,"column":1}},"line":3},"1":{"name":"Verifica","decl":{"start":{"line":10,"column":9},"end":{"line":10,"column":17}},"loc":{"start":{"line":10,"column":22},"end":{"line":45,"column":1}},"line":10}},"branchMap":{"0":{"loc":{"start":{"line":4,"column":4},"end":{"line":6,"column":5}},"type":"if","locations":[{"start":{"line":4,"column":4},"end":{"line":6,"column":5}},{"start":{},"end":{}}],"line":4},"1":{"loc":{"start":{"line":13,"column":4},"end":{"line":15,"column":5}},"type":"if","locations":[{"start":{"line":13,"column":4},"end":{"line":15,"column":5}},{"start":{},"end":{}}],"line":13},"2":{"loc":{"start":{"line":25,"column":22},"end":{"line":25,"column":48}},"type":"cond-expr","locations":[{"start":{"line":25,"column":34},"end":{"line":25,"column":35}},{"start":{"line":25,"column":38},"end":{"line":25,"column":48}}],"line":25},"3":{"loc":{"start":{"line":27,"column":4},"end":{"line":29,"column":5}},"type":"if","locations":[{"start":{"line":27,"column":4},"end":{"line":29,"column":5}},{"start":{},"end":{}}],"line":27},"4":{"loc":{"start":{"line":38,"column":18},"end":{"line":38,"column":44}},"type":"cond-expr","locations":[{"start":{"line":38,"column":30},"end":{"line":38,"column":31}},{"start":{"line":38,"column":34},"end":{"line":38,"column":44}}],"line":38},"5":{"loc":{"start":{"line":40,"column":4},"end":{"line":42,"column":5}},"type":"if","locations":[{"start":{"line":40,"column":4},"end":{"line":42,"column":5}},{"start":{},"end":{}}],"line":40}},"s":{"0":0,"1":0,"2":0,"3":3,"4":0,"5":3,"6":3,"7":3,"8":27,"9":3,"10":3,"11":3,"12":1,"13":2,"14":2,"15":2,"16":18,"17":2,"18":2,"19":2,"20":1,"21":1,"22":1},"f":{"0":0,"1":3},"b":{"0":[0,0],"1":[0,3],"2":[2,1],"3":[1,2],"4":[0,2],"5":[1,1]},"_coverageSchema":"1a1c01bbd47fc00a2c39e90264f33305004495a9","hash":"2391799b3c1c061ad56db4fbccd7961cfd958789"}
}
