TN:
SF:src\commom\calc.js
FN:1,Soma
FN:5,Sub
FN:9,Mult
FN:13,Div
FN:17,IsPrimo
FNF:5
FNH:5
FNDA:1,Soma
FNDA:1,Sub
FNDA:2,Mult
FNDA:1,Div
FNDA:2,IsPrimo
DA:2,1
DA:6,1
DA:10,2
DA:14,1
DA:18,2
DA:19,4
DA:20,1
DA:23,1
DA:26,1
LF:9
LH:9
BRDA:19,0,0,1
BRDA:19,0,1,3
BRF:2
BRH:2
end_of_record
TN:
SF:src\commom\cpf.js
FN:3,SomenteNum
FN:10,Verifica
FNF:2
FNH:1
FNDA:0,SomenteNum
FNDA:3,Verifica
DA:4,0
DA:5,0
DA:7,0
DA:13,3
DA:14,0
DA:17,3
DA:19,3
DA:20,27
DA:23,3
DA:25,3
DA:27,3
DA:28,1
DA:31,2
DA:33,2
DA:34,18
DA:37,2
DA:38,2
DA:40,2
DA:41,1
DA:44,1
DA:47,1
LF:21
LH:17
BRDA:4,0,0,0
BRDA:4,0,1,0
BRDA:13,1,0,0
BRDA:13,1,1,3
BRDA:25,2,0,2
BRDA:25,2,1,1
BRDA:27,3,0,1
BRDA:27,3,1,2
BRDA:38,4,0,0
BRDA:38,4,1,2
BRDA:40,5,0,1
BRDA:40,5,1,1
BRF:12
BRH:8
end_of_record
